This file contains any messages produced by compilers while
running configure, to aid debugging if configure makes a mistake.

It was created by configure, which was
generated by GNU Autoconf 2.65.  Invocation command line was

  $ ./configure --no-create --no-recursion

## --------- ##
## Platform. ##
## --------- ##

hostname = zedshaw-laptop
uname -m = x86_64
uname -r = 2.6.32-26-generic
uname -s = Linux
uname -v = #47-Ubuntu SMP Wed Nov 17 15:58:05 UTC 2010

/usr/bin/uname -p = unknown
/bin/uname -X     = unknown

/bin/arch              = unknown
/usr/bin/arch -k       = unknown
/usr/convex/getsysinfo = unknown
/usr/bin/hostinfo      = unknown
/bin/machine           = unknown
/usr/bin/oslevel       = unknown
/bin/universe          = unknown

PATH: /opt/local/bin
PATH: /opt/local/sbin
PATH: /usr/local/sbin
PATH: /usr/local/bin
PATH: /usr/sbin
PATH: /usr/bin
PATH: /sbin
PATH: /bin
PATH: /usr/games
PATH: /usr/local/bin
PATH: /opt/local/bin
PATH: /opt/local/sbin
PATH: /usr/local/bin
PATH: /opt/local/bin
PATH: /opt/local/sbin


## ----------- ##
## Core tests. ##
## ----------- ##

configure:2341: checking for a BSD-compatible install
configure:2409: result: /usr/bin/install -c
configure:2420: checking whether build environment is sane
configure:2470: result: yes
configure:2498: WARNING: `missing' script is too old or missing
configure:2611: checking for a thread-safe mkdir -p
configure:2650: result: /bin/mkdir -p
configure:2663: checking for gawk
configure:2679: found /usr/bin/gawk
configure:2690: result: gawk
configure:2701: checking whether make sets $(MAKE)
configure:2723: result: yes
configure:2855: checking for gcc
configure:2871: found /usr/bin/gcc
configure:2882: result: gcc
configure:3111: checking for C compiler version
configure:3120: gcc --version >&5
gcc (Ubuntu 4.4.3-4ubuntu5) 4.4.3
Copyright (C) 2009 Free Software Foundation, Inc.
This is free software; see the source for copying conditions.  There is NO
warranty; not even for MERCHANTABILITY or FITNESS FOR A PARTICULAR PURPOSE.

configure:3131: $? = 0
configure:3120: gcc -v >&5
Using built-in specs.
Target: x86_64-linux-gnu
Configured with: ../src/configure -v --with-pkgversion='Ubuntu 4.4.3-4ubuntu5' --with-bugurl=file:///usr/share/doc/gcc-4.4/README.Bugs --enable-languages=c,c++,fortran,objc,obj-c++ --prefix=/usr --enable-shared --enable-multiarch --enable-linker-build-id --with-system-zlib --libexecdir=/usr/lib --without-included-gettext --enable-threads=posix --with-gxx-include-dir=/usr/include/c++/4.4 --program-suffix=-4.4 --enable-nls --enable-clocale=gnu --enable-libstdcxx-debug --enable-plugin --enable-objc-gc --disable-werror --with-arch-32=i486 --with-tune=generic --enable-checking=release --build=x86_64-linux-gnu --host=x86_64-linux-gnu --target=x86_64-linux-gnu
Thread model: posix
gcc version 4.4.3 (Ubuntu 4.4.3-4ubuntu5) 
configure:3131: $? = 0
configure:3120: gcc -V >&5
gcc: '-V' option must have argument
configure:3131: $? = 1
configure:3120: gcc -qversion >&5
gcc: unrecognized option '-qversion'
gcc: no input files
configure:3131: $? = 1
configure:3151: checking whether the C compiler works
configure:3173: gcc -O   conftest.c  >&5
configure:3177: $? = 0
configure:3226: result: yes
configure:3229: checking for C compiler default output file name
configure:3231: result: a.out
configure:3237: checking for suffix of executables
configure:3244: gcc -o conftest -O   conftest.c  >&5
configure:3248: $? = 0
configure:3270: result: 
configure:3292: checking whether we are cross compiling
configure:3300: gcc -o conftest -O   conftest.c  >&5
configure:3304: $? = 0
configure:3311: ./conftest
configure:3315: $? = 0
configure:3330: result: no
configure:3335: checking for suffix of object files
configure:3357: gcc -c -O  conftest.c >&5
configure:3361: $? = 0
configure:3382: result: o
configure:3386: checking whether we are using the GNU C compiler
configure:3405: gcc -c -O  conftest.c >&5
configure:3405: $? = 0
configure:3414: result: yes
configure:3423: checking whether gcc accepts -g
configure:3443: gcc -c -g  conftest.c >&5
configure:3443: $? = 0
configure:3484: result: yes
configure:3501: checking for gcc option to accept ISO C89
configure:3565: gcc  -c -O  conftest.c >&5
configure:3565: $? = 0
configure:3578: result: none needed
configure:3609: checking for style of include used by make
configure:3637: result: GNU
configure:3662: checking dependency style of gcc
configure:3772: result: none
configure:3788: checking whether ln -s works
configure:3792: result: yes
configure:3842: checking for ranlib
configure:3858: found /usr/bin/ranlib
configure:3869: result: ranlib
configure:3895: checking for socket in -lsocket
configure:3920: gcc -o conftest -O   conftest.c -lsocket   >&5
/usr/bin/ld: cannot find -lsocket
collect2: ld returned 1 exit status
configure:3920: $? = 1
configure: failed program was:
| /* confdefs.h */
| #define PACKAGE_NAME ""
| #define PACKAGE_TARNAME ""
| #define PACKAGE_VERSION ""
| #define PACKAGE_STRING ""
| #define PACKAGE_BUGREPORT ""
| #define PACKAGE_URL ""
| #define PACKAGE "libsrp"
| #define VERSION "2.0.0"
| /* end confdefs.h.  */
| 
| /* Override any GCC internal prototype to avoid an error.
|    Use char because int might match the return type of a GCC
|    builtin and then its argument prototype would still apply.  */
| #ifdef __cplusplus
| extern "C"
| #endif
| char socket ();
| int
| main ()
| {
| return socket ();
|   ;
|   return 0;
| }
configure:3929: result: no
configure:3940: checking for gethostbyname in -lnsl
configure:3965: gcc -o conftest -O   conftest.c -lnsl   >&5
configure:3965: $? = 0
configure:3974: result: yes
configure:3985: checking for dlopen in -ldl
configure:4010: gcc -o conftest -O   conftest.c -ldl  -lnsl  >&5
configure:4010: $? = 0
configure:4019: result: yes
configure:4037: checking how to run the C preprocessor
configure:4068: gcc -E  conftest.c
configure:4068: $? = 0
configure:4082: gcc -E  conftest.c
conftest.c:13:28: error: ac_nonexistent.h: No such file or directory
configure:4082: $? = 1
configure: failed program was:
| /* confdefs.h */
| #define PACKAGE_NAME ""
| #define PACKAGE_TARNAME ""
| #define PACKAGE_VERSION ""
| #define PACKAGE_STRING ""
| #define PACKAGE_BUGREPORT ""
| #define PACKAGE_URL ""
| #define PACKAGE "libsrp"
| #define VERSION "2.0.0"
| #define HAVE_LIBNSL 1
| #define HAVE_LIBDL 1
| /* end confdefs.h.  */
| #include <ac_nonexistent.h>
configure:4107: result: gcc -E
configure:4127: gcc -E  conftest.c
configure:4127: $? = 0
configure:4141: gcc -E  conftest.c
conftest.c:13:28: error: ac_nonexistent.h: No such file or directory
configure:4141: $? = 1
configure: failed program was:
| /* confdefs.h */
| #define PACKAGE_NAME ""
| #define PACKAGE_TARNAME ""
| #define PACKAGE_VERSION ""
| #define PACKAGE_STRING ""
| #define PACKAGE_BUGREPORT ""
| #define PACKAGE_URL ""
| #define PACKAGE "libsrp"
| #define VERSION "2.0.0"
| #define HAVE_LIBNSL 1
| #define HAVE_LIBDL 1
| /* end confdefs.h.  */
| #include <ac_nonexistent.h>
configure:4170: checking for grep that handles long lines and -e
configure:4228: result: /bin/grep
configure:4233: checking for egrep
configure:4295: result: /bin/grep -E
configure:4300: checking for ANSI C header files
configure:4320: gcc -c -O  conftest.c >&5
configure:4320: $? = 0
configure:4393: gcc -o conftest -O   conftest.c -ldl -lnsl  >&5
configure:4393: $? = 0
configure:4393: ./conftest
configure:4393: $? = 0
configure:4404: result: yes
configure:4417: checking for sys/types.h
configure:4417: gcc -c -O  conftest.c >&5
configure:4417: $? = 0
configure:4417: result: yes
configure:4417: checking for sys/stat.h
configure:4417: gcc -c -O  conftest.c >&5
configure:4417: $? = 0
configure:4417: result: yes
configure:4417: checking for stdlib.h
configure:4417: gcc -c -O  conftest.c >&5
configure:4417: $? = 0
configure:4417: result: yes
configure:4417: checking for string.h
configure:4417: gcc -c -O  conftest.c >&5
configure:4417: $? = 0
configure:4417: result: yes
configure:4417: checking for memory.h
configure:4417: gcc -c -O  conftest.c >&5
configure:4417: $? = 0
configure:4417: result: yes
configure:4417: checking for strings.h
configure:4417: gcc -c -O  conftest.c >&5
configure:4417: $? = 0
configure:4417: result: yes
configure:4417: checking for inttypes.h
configure:4417: gcc -c -O  conftest.c >&5
configure:4417: $? = 0
configure:4417: result: yes
configure:4417: checking for stdint.h
configure:4417: gcc -c -O  conftest.c >&5
configure:4417: $? = 0
configure:4417: result: yes
configure:4417: checking for unistd.h
configure:4417: gcc -c -O  conftest.c >&5
configure:4417: $? = 0
configure:4417: result: yes
configure:4433: checking sgtty.h usability
configure:4433: gcc -c -O  conftest.c >&5
configure:4433: $? = 0
configure:4433: result: yes
configure:4433: checking sgtty.h presence
configure:4433: gcc -E  conftest.c
configure:4433: $? = 0
configure:4433: result: yes
configure:4433: checking for sgtty.h
configure:4433: result: yes
configure:4433: checking sys/ioctl.h usability
configure:4433: gcc -c -O  conftest.c >&5
configure:4433: $? = 0
configure:4433: result: yes
configure:4433: checking sys/ioctl.h presence
configure:4433: gcc -E  conftest.c
configure:4433: $? = 0
configure:4433: result: yes
configure:4433: checking for sys/ioctl.h
configure:4433: result: yes
configure:4433: checking sys/time.h usability
configure:4433: gcc -c -O  conftest.c >&5
configure:4433: $? = 0
configure:4433: result: yes
configure:4433: checking sys/time.h presence
configure:4433: gcc -E  conftest.c
configure:4433: $? = 0
configure:4433: result: yes
configure:4433: checking for sys/time.h
configure:4433: result: yes
configure:4433: checking termio.h usability
configure:4433: gcc -c -O  conftest.c >&5
configure:4433: $? = 0
configure:4433: result: yes
configure:4433: checking termio.h presence
configure:4433: gcc -E  conftest.c
configure:4433: $? = 0
configure:4433: result: yes
configure:4433: checking for termio.h
configure:4433: result: yes
configure:4433: checking termios.h usability
configure:4433: gcc -c -O  conftest.c >&5
configure:4433: $? = 0
configure:4433: result: yes
configure:4433: checking termios.h presence
configure:4433: gcc -E  conftest.c
configure:4433: $? = 0
configure:4433: result: yes
configure:4433: checking for termios.h
configure:4433: result: yes
configure:4433: checking for unistd.h
configure:4433: result: yes
configure:4446: checking for an ANSI C-conforming const
configure:4511: gcc -c -O  conftest.c >&5
configure:4511: $? = 0
configure:4518: result: yes
configure:4526: checking for inline
configure:4542: gcc -c -O  conftest.c >&5
configure:4542: $? = 0
configure:4550: result: inline
configure:4568: checking whether time.h and sys/time.h may both be included
configure:4588: gcc -c -O  conftest.c >&5
configure:4588: $? = 0
configure:4595: result: yes
configure:4603: checking whether byte ordering is bigendian
configure:4618: gcc -c -O  conftest.c >&5
conftest.c:31: error: expected '=', ',', ';', 'asm' or '__attribute__' before 'a'
configure:4618: $? = 1
configure: failed program was:
| /* confdefs.h */
| #define PACKAGE_NAME ""
| #define PACKAGE_TARNAME ""
| #define PACKAGE_VERSION ""
| #define PACKAGE_STRING ""
| #define PACKAGE_BUGREPORT ""
| #define PACKAGE_URL ""
| #define PACKAGE "libsrp"
| #define VERSION "2.0.0"
| #define HAVE_LIBNSL 1
| #define HAVE_LIBDL 1
| #define STDC_HEADERS 1
| #define HAVE_SYS_TYPES_H 1
| #define HAVE_SYS_STAT_H 1
| #define HAVE_STDLIB_H 1
| #define HAVE_STRING_H 1
| #define HAVE_MEMORY_H 1
| #define HAVE_STRINGS_H 1
| #define HAVE_INTTYPES_H 1
| #define HAVE_STDINT_H 1
| #define HAVE_UNISTD_H 1
| #define HAVE_SGTTY_H 1
| #define HAVE_SYS_IOCTL_H 1
| #define HAVE_SYS_TIME_H 1
| #define HAVE_TERMIO_H 1
| #define HAVE_TERMIOS_H 1
| #define HAVE_UNISTD_H 1
| #define TIME_WITH_SYS_TIME 1
| /* end confdefs.h.  */
| #ifndef __APPLE_CC__
| 	       not a universal capable compiler
| 	     #endif
| 	     typedef int dummy;
| 
configure:4663: gcc -c -O  conftest.c >&5
configure:4663: $? = 0
configure:4681: gcc -c -O  conftest.c >&5
conftest.c: In function 'main':
conftest.c:37: error: 'not' undeclared (first use in this function)
conftest.c:37: error: (Each undeclared identifier is reported only once
conftest.c:37: error: for each function it appears in.)
conftest.c:37: error: expected ';' before 'big'
configure:4681: $? = 1
configure: failed program was:
| /* confdefs.h */
| #define PACKAGE_NAME ""
| #define PACKAGE_TARNAME ""
| #define PACKAGE_VERSION ""
| #define PACKAGE_STRING ""
| #define PACKAGE_BUGREPORT ""
| #define PACKAGE_URL ""
| #define PACKAGE "libsrp"
| #define VERSION "2.0.0"
| #define HAVE_LIBNSL 1
| #define HAVE_LIBDL 1
| #define STDC_HEADERS 1
| #define HAVE_SYS_TYPES_H 1
| #define HAVE_SYS_STAT_H 1
| #define HAVE_STDLIB_H 1
| #define HAVE_STRING_H 1
| #define HAVE_MEMORY_H 1
| #define HAVE_STRINGS_H 1
| #define HAVE_INTTYPES_H 1
| #define HAVE_STDINT_H 1
| #define HAVE_UNISTD_H 1
| #define HAVE_SGTTY_H 1
| #define HAVE_SYS_IOCTL_H 1
| #define HAVE_SYS_TIME_H 1
| #define HAVE_TERMIO_H 1
| #define HAVE_TERMIOS_H 1
| #define HAVE_UNISTD_H 1
| #define TIME_WITH_SYS_TIME 1
| /* end confdefs.h.  */
| #include <sys/types.h>
| 		#include <sys/param.h>
| 
| int
| main ()
| {
| #if BYTE_ORDER != BIG_ENDIAN
| 		 not big endian
| 		#endif
| 
|   ;
|   return 0;
| }
configure:4809: result: no
configure:4831: checking size of short
configure:4836: gcc -o conftest -O   conftest.c -ldl -lnsl  >&5
configure:4836: $? = 0
configure:4836: ./conftest
configure:4836: $? = 0
configure:4851: result: 2
configure:4865: checking size of int
configure:4870: gcc -o conftest -O   conftest.c -ldl -lnsl  >&5
configure:4870: $? = 0
configure:4870: ./conftest
configure:4870: $? = 0
configure:4885: result: 4
configure:4899: checking size of long
configure:4904: gcc -o conftest -O   conftest.c -ldl -lnsl  >&5
configure:4904: $? = 0
configure:4904: ./conftest
configure:4904: $? = 0
configure:4919: result: 8
configure:4940: gcc -c -O  conftest.c >&5
configure:4940: $? = 0
configure:4952: checking for sigaction
configure:4952: gcc -o conftest -O   conftest.c -ldl -lnsl  >&5
configure:4952: $? = 0
configure:4952: result: yes
configure:4952: checking for strchr
configure:4952: gcc -o conftest -O   conftest.c -ldl -lnsl  >&5
conftest.c:57: warning: conflicting types for built-in function 'strchr'
configure:4952: $? = 0
configure:4952: result: yes
configure:4952: checking for memcpy
configure:4952: gcc -o conftest -O   conftest.c -ldl -lnsl  >&5
conftest.c:58: warning: conflicting types for built-in function 'memcpy'
configure:4952: $? = 0
configure:4952: result: yes
configure:4962: checking return type of signal handlers
configure:4980: gcc -c -O  conftest.c >&5
conftest.c: In function 'main':
conftest.c:42: error: void value not ignored as it ought to be
configure:4980: $? = 1
configure: failed program was:
| /* confdefs.h */
| #define PACKAGE_NAME ""
| #define PACKAGE_TARNAME ""
| #define PACKAGE_VERSION ""
| #define PACKAGE_STRING ""
| #define PACKAGE_BUGREPORT ""
| #define PACKAGE_URL ""
| #define PACKAGE "libsrp"
| #define VERSION "2.0.0"
| #define HAVE_LIBNSL 1
| #define HAVE_LIBDL 1
| #define STDC_HEADERS 1
| #define HAVE_SYS_TYPES_H 1
| #define HAVE_SYS_STAT_H 1
| #define HAVE_STDLIB_H 1
| #define HAVE_STRING_H 1
| #define HAVE_MEMORY_H 1
| #define HAVE_STRINGS_H 1
| #define HAVE_INTTYPES_H 1
| #define HAVE_STDINT_H 1
| #define HAVE_UNISTD_H 1
| #define HAVE_SGTTY_H 1
| #define HAVE_SYS_IOCTL_H 1
| #define HAVE_SYS_TIME_H 1
| #define HAVE_TERMIO_H 1
| #define HAVE_TERMIOS_H 1
| #define HAVE_UNISTD_H 1
| #define TIME_WITH_SYS_TIME 1
| #define SIZEOF_SHORT 2
| #define SIZEOF_INT 4
| #define SIZEOF_LONG 8
| #define HAVE_SIGACTION 1
| #define HAVE_STRCHR 1
| #define HAVE_MEMCPY 1
| /* end confdefs.h.  */
| #include <sys/types.h>
| #include <signal.h>
| 
| int
| main ()
| {
| return *(signal (0, 0)) (0) == 1;
|   ;
|   return 0;
| }
configure:4987: result: void
configure:4995: checking for termios.h
configure:4995: result: yes
configure:4997: checking for cfsetispeed
configure:4997: gcc -o conftest -O   conftest.c -ldl -lnsl  >&5
configure:4997: $? = 0
configure:4997: result: yes
configure:5286: creating ./config.status

## ---------------- ##
## Cache variables. ##
## ---------------- ##

ac_cv_c_bigendian=no
ac_cv_c_compiler_gnu=yes
ac_cv_c_const=yes
ac_cv_c_inline=inline
ac_cv_env_CC_set=
ac_cv_env_CC_value=
ac_cv_env_CFLAGS_set=
ac_cv_env_CFLAGS_value=
ac_cv_env_CPPFLAGS_set=
ac_cv_env_CPPFLAGS_value=
ac_cv_env_CPP_set=
ac_cv_env_CPP_value=
ac_cv_env_LDFLAGS_set=
ac_cv_env_LDFLAGS_value=
ac_cv_env_LIBS_set=
ac_cv_env_LIBS_value=
ac_cv_env_build_alias_set=
ac_cv_env_build_alias_value=
ac_cv_env_host_alias_set=
ac_cv_env_host_alias_value=
ac_cv_env_target_alias_set=
ac_cv_env_target_alias_value=
ac_cv_func_cfsetispeed=yes
ac_cv_func_memcpy=yes
ac_cv_func_sigaction=yes
ac_cv_func_strchr=yes
ac_cv_header_inttypes_h=yes
ac_cv_header_memory_h=yes
ac_cv_header_sgtty_h=yes
ac_cv_header_stdc=yes
ac_cv_header_stdint_h=yes
ac_cv_header_stdlib_h=yes
ac_cv_header_string_h=yes
ac_cv_header_strings_h=yes
ac_cv_header_sys_ioctl_h=yes
ac_cv_header_sys_stat_h=yes
ac_cv_header_sys_time_h=yes
ac_cv_header_sys_types_h=yes
ac_cv_header_termio_h=yes
ac_cv_header_termios_h=yes
ac_cv_header_time=yes
ac_cv_header_unistd_h=yes
ac_cv_lib_dl_dlopen=yes
ac_cv_lib_nsl_gethostbyname=yes
ac_cv_lib_socket_socket=no
ac_cv_objext=o
ac_cv_path_EGREP='/bin/grep -E'
ac_cv_path_GREP=/bin/grep
ac_cv_path_install='/usr/bin/install -c'
ac_cv_path_mkdir=/bin/mkdir
ac_cv_prog_AWK=gawk
ac_cv_prog_CPP='gcc -E'
ac_cv_prog_ac_ct_CC=gcc
ac_cv_prog_ac_ct_RANLIB=ranlib
ac_cv_prog_cc_c89=
ac_cv_prog_cc_g=yes
ac_cv_prog_make_make_set=yes
ac_cv_sizeof_int=4
ac_cv_sizeof_long=8
ac_cv_sizeof_short=2
ac_cv_type_signal=void
am_cv_CC_dependencies_compiler_type=none

## ----------------- ##
## Output variables. ##
## ----------------- ##

ACLOCAL='aclocal-1.11'
AMDEPBACKSLASH='\'
AMDEP_FALSE='#'
AMDEP_TRUE=''
AMTAR='tar'
AUTOCONF='autoconf'
AUTOHEADER='autoheader'
AUTOMAKE='automake-1.11'
AWK='gawk'
CC='gcc'
CCDEPMODE='depmode=none'
CFLAGS='-O'
CPP='gcc -E'
CPPFLAGS=''
CYGPATH_W='echo'
DEFS='-DHAVE_CONFIG_H'
DEPDIR='.deps'
ECHO_C=''
ECHO_N='-n'
ECHO_T=''
EGREP='/bin/grep -E'
EXEEXT=''
GREP='/bin/grep'
INSTALL_DATA='${INSTALL} -m 644'
INSTALL_PROGRAM='${INSTALL}'
INSTALL_SCRIPT='${INSTALL}'
INSTALL_STRIP_PROGRAM='$(install_sh) -c -s'
LDFLAGS=''
LIBOBJS=''
LIBS='-lcrypto -ldl -lnsl '
LN_S='ln -s'
LTLIBOBJS=''
MAKEINFO='makeinfo'
MKDIR_P='/bin/mkdir -p'
OBJEXT='o'
PACKAGE='libsrp'
PACKAGE_BUGREPORT=''
PACKAGE_NAME=''
PACKAGE_STRING=''
PACKAGE_TARNAME=''
PACKAGE_URL=''
PACKAGE_VERSION=''
PATH_SEPARATOR=':'
PICFLAG='-fPIC'
RANLIB='ranlib'
SET_MAKE=''
SHAREDFLAG='--shared'
SHELL='/bin/bash'
STRIP=''
VERSION='2.0.0'
ac_ct_CC='gcc'
am__EXEEXT_FALSE=''
am__EXEEXT_TRUE='#'
am__fastdepCC_FALSE=''
am__fastdepCC_TRUE='#'
am__include='include'
am__isrc=''
am__leading_dot='.'
am__quote=''
am__tar='${AMTAR} chof - "$$tardir"'
am__untar='${AMTAR} xf -'
bindir='${exec_prefix}/bin'
build_alias=''
datadir='${datarootdir}'
datarootdir='${prefix}/share'
docdir='${datarootdir}/doc/${PACKAGE}'
dvidir='${docdir}'
exec_prefix='${prefix}'
host_alias=''
htmldir='${docdir}'
includedir='${prefix}/include'
infodir='${datarootdir}/info'
install_sh='${SHELL} /home/zedshaw/projects/libsrp/install-sh'
libdir='${exec_prefix}/lib'
libexecdir='${exec_prefix}/libexec'
localedir='${datarootdir}/locale'
localstatedir='${prefix}/var'
mandir='${datarootdir}/man'
mkdir_p='/bin/mkdir -p'
oldincludedir='/usr/include'
pdfdir='${docdir}'
prefix='/usr/local'
program_transform_name='s,x,x,'
psdir='${docdir}'
sbindir='${exec_prefix}/sbin'
sharedstatedir='${prefix}/com'
sysconfdir='${prefix}/etc'
target_alias=''

## ----------- ##
## confdefs.h. ##
## ----------- ##

/* confdefs.h */
#define PACKAGE_NAME ""
#define PACKAGE_TARNAME ""
#define PACKAGE_VERSION ""
#define PACKAGE_STRING ""
#define PACKAGE_BUGREPORT ""
#define PACKAGE_URL ""
#define PACKAGE "libsrp"
#define VERSION "2.0.0"
#define HAVE_LIBNSL 1
#define HAVE_LIBDL 1
#define STDC_HEADERS 1
#define HAVE_SYS_TYPES_H 1
#define HAVE_SYS_STAT_H 1
#define HAVE_STDLIB_H 1
#define HAVE_STRING_H 1
#define HAVE_MEMORY_H 1
#define HAVE_STRINGS_H 1
#define HAVE_INTTYPES_H 1
#define HAVE_STDINT_H 1
#define HAVE_UNISTD_H 1
#define HAVE_SGTTY_H 1
#define HAVE_SYS_IOCTL_H 1
#define HAVE_SYS_TIME_H 1
#define HAVE_TERMIO_H 1
#define HAVE_TERMIOS_H 1
#define HAVE_UNISTD_H 1
#define TIME_WITH_SYS_TIME 1
#define SIZEOF_SHORT 2
#define SIZEOF_INT 4
#define SIZEOF_LONG 8
#define HAVE_SIGACTION 1
#define HAVE_STRCHR 1
#define HAVE_MEMCPY 1
#define RETSIGTYPE void
#define POSIX_TERMIOS 1
#define OPENSSL 1
#define HIGHFIRST 1
#define SHA1HANDSOFF 1

configure: exit 0

## ---------------------- ##
## Running config.status. ##
## ---------------------- ##

This file was extended by config.status, which was
generated by GNU Autoconf 2.65.  Invocation command line was

  CONFIG_FILES    = Makefile
  CONFIG_HEADERS  = 
  CONFIG_LINKS    = 
  CONFIG_COMMANDS = 
  $ ./config.status 

on zedshaw-laptop

config.status:: creating Makefile
config.status:: executing depfiles commands

## ---------------------- ##
## Running config.status. ##
## ---------------------- ##

This file was extended by config.status, which was
generated by GNU Autoconf 2.65.  Invocation command line was

  CONFIG_FILES    = 
  CONFIG_HEADERS  = 
  CONFIG_LINKS    = 
  CONFIG_COMMANDS = 
  $ ./config.status config.h

on zedshaw-laptop

config.status:874: creating config.h

## ---------------------- ##
## Running config.status. ##
## ---------------------- ##

This file was extended by config.status, which was
generated by GNU Autoconf 2.65.  Invocation command line was

  CONFIG_FILES    = 
  CONFIG_HEADERS  = 
  CONFIG_LINKS    = 
  CONFIG_COMMANDS = 
  $ ./config.status Makefile

on zedshaw-laptop

config.status:874: creating Makefile

## ---------------------- ##
## Running config.status. ##
## ---------------------- ##

This file was extended by config.status, which was
generated by GNU Autoconf 2.65.  Invocation command line was

  CONFIG_FILES    = 
  CONFIG_HEADERS  = 
  CONFIG_LINKS    = 
  CONFIG_COMMANDS = 
  $ ./config.status Makefile

on zedshaw-laptop

config.status:874: creating Makefile

## ---------------------- ##
## Running config.status. ##
## ---------------------- ##

This file was extended by config.status, which was
generated by GNU Autoconf 2.65.  Invocation command line was

  CONFIG_FILES    = 
  CONFIG_HEADERS  = 
  CONFIG_LINKS    = 
  CONFIG_COMMANDS = 
  $ ./config.status Makefile

on zedshaw-laptop

config.status:874: creating Makefile

## ---------------------- ##
## Running config.status. ##
## ---------------------- ##

This file was extended by config.status, which was
generated by GNU Autoconf 2.65.  Invocation command line was

  CONFIG_FILES    = 
  CONFIG_HEADERS  = 
  CONFIG_LINKS    = 
  CONFIG_COMMANDS = 
  $ ./config.status Makefile

on zedshaw-laptop

config.status:874: creating Makefile
